Removed Pin From Net: NetName=P37 Pin=1-1
Removed Pin From Net: NetName=GND Pin=1-2
Removed Pin From Net: NetName=P36 Pin=2-1
Removed Pin From Net: NetName=GND Pin=2-2
Removed Pin From Net: NetName=P35 Pin=3-1
Removed Pin From Net: NetName=GND Pin=3-2
Removed Pin From Net: NetName=P34 Pin=4-1
Removed Pin From Net: NetName=GND Pin=4-2
Removed Pin From Net: NetName=GND Pin=5/INT1-2
Removed Pin From Net: NetName=P32 Pin=6/INT0-1
Removed Pin From Net: NetName=GND Pin=6/INT0-2
Removed Pin From Net: NetName=VCC Pin=C31-1
Removed Pin From Net: NetName=NetC31_2 Pin=C31-2
Removed Pin From Net: NetName=NetC32_1 Pin=C32-1
Removed Pin From Net: NetName=NetC32_2 Pin=C32-2
Removed Pin From Net: NetName=NetC33_1 Pin=C33-1
Removed Pin From Net: NetName=NetC33_2 Pin=C33-2
Removed Pin From Net: NetName=NetC34_1 Pin=C34-1
Removed Pin From Net: NetName=GND Pin=C34-2
Removed Pin From Net: NetName=GND Pin=C35-1
Removed Pin From Net: NetName=VCC Pin=C35-2
Removed Pin From Net: NetName=NetJ-232_2 Pin=J-232-2
Removed Pin From Net: NetName=NetJ-232_3 Pin=J-232-3
Removed Pin From Net: NetName=GND Pin=J-232-5
Removed Pin From Net: NetName=P15 Pin=R21-1
Removed Pin From Net: NetName=P14 Pin=R41-1
Removed Pin From Net: NetName=NetP3_3 Pin=RW1-2
Removed Pin From Net: NetName=NetS1_1 Pin=S1-1
Removed Pin From Net: NetName=NetC32_1 Pin=U3-1
Removed Pin From Net: NetName=NetC31_2 Pin=U3-2
Removed Pin From Net: NetName=NetC32_2 Pin=U3-3
Removed Pin From Net: NetName=NetC33_1 Pin=U3-4
Removed Pin From Net: NetName=NetC33_2 Pin=U3-5
Removed Pin From Net: NetName=NetC34_1 Pin=U3-6
Removed Pin From Net: NetName=NetJ-232_2 Pin=U3-7
Removed Pin From Net: NetName=NetJ-232_3 Pin=U3-8
Removed Pin From Net: NetName=P30R Pin=U3-9
Removed Pin From Net: NetName=P31T Pin=U3-10
Removed Pin From Net: NetName=GND Pin=U3-15
Removed Pin From Net: NetName=NetS1_1 Pin=USB-1
Removed Member From Class: ClassName=51单片机24 Member=C31
Removed Member From Class: ClassName=51单片机24 Member=C32
Removed Member From Class: ClassName=51单片机24 Member=C33
Removed Member From Class: ClassName=51单片机24 Member=C34
Removed Member From Class: ClassName=51单片机24 Member=C35
Removed Member From Class: ClassName=51单片机24 Member=J-232
Change Component Footprint: Designator=D4 Old Footprint=4148 New Footprint=DO-41
Change Component Footprint: Designator=U3 Old Footprint=DIP-16 New Footprint=SOP-16 - duplicate
Change Component Footprint: Designator=SPK Old Footprint=SPEAKER New Footprint=HDR1X4
Change Component Comment : Designator=Q13 Old Comment=2N3906 New Comment=S8550
Change Component Comment : Designator=Q12 Old Comment=2N3906 New Comment=S8550
Change Component Comment : Designator=Q11 Old Comment=2N3906 New Comment=S8550
Change Component Comment : Designator=Q10 Old Comment=2N3906 New Comment=S8550
Change Component Comment : Designator=Q4 Old Comment=2N3906 New Comment=S8550
Change Component Comment : Designator=Q2 Old Comment=2N3906 New Comment=S8550
Change Component Comment : Designator=R38 Old Comment=100 New Comment=1K
Change Component Comment : Designator=R37 Old Comment=100 New Comment=1K
Change Component Comment : Designator=R36 Old Comment=100 New Comment=1K
Change Component Comment : Designator=R35 Old Comment=100 New Comment=1K
Change Component Comment : Designator=R34 Old Comment=100 New Comment=1K
Change Component Comment : Designator=R33 Old Comment=100 New Comment=1K
Change Component Comment : Designator=R32 Old Comment=100 New Comment=1K
Change Component Comment : Designator=R31 Old Comment=100 New Comment=1K
Change Component Comment : Designator=D4 Old Comment=LED0 New Comment=4148
Change Component Comment : Designator=U3 Old Comment=MAX232 New Comment=CH340G-16
Change Component Comment : Designator=R45 Old Comment=Res2 New Comment=5.1K
Change Component Comment : Designator=R44 Old Comment=Res2 New Comment=5.1K
Change Component Designator: OldDesignator=1 NewDesignator=S1
Change Component Designator: OldDesignator=2 NewDesignator=S2
Change Component Designator: OldDesignator=3 NewDesignator=S3
Change Component Designator: OldDesignator=4 NewDesignator=S4
Change Component Designator: OldDesignator=5/INT1 NewDesignator=S5
Change Component Designator: OldDesignator=6/INT0 NewDesignator=S6
Change Component Designator: OldDesignator=S1 NewDesignator=S17
Added Component: Designator=C7(RAD-0.1)
Added Component: Designator=C8(RAD-0.1)
Added Component: Designator=C9(RAD-0.1)
Added Component: Designator=D1(DO-201AD)
Added Component: Designator=DC5V(DC5V-3)
Added Component: Designator=P6(HDR1X3)
Added Component: Designator=P7(HDR1X3)
Added Component: Designator=S7(SW)
Added Component: Designator=S8(SW)
Added Component: Designator=S9(SW)
Added Component: Designator=S10(SW)
Added Component: Designator=S11(SW)
Added Component: Designator=S12(SW)
Added Component: Designator=S13(SW)
Added Component: Designator=S14(SW)
Added Component: Designator=S15(SW)
Added Component: Designator=S16(SW)
Added Component: Designator=Y1(XTAL1)
Added Pin To Net: NetName=GND Pin=C7-2
Added Pin To Net: NetName=NetC32_2 Pin=C8-1
Added Pin To Net: NetName=GND Pin=C8-2
Added Pin To Net: NetName=NetC33_1 Pin=C9-1
Added Pin To Net: NetName=GND Pin=C9-2
Added Pin To Net: NetName=NetC33_2 Pin=D1-1
Added Pin To Net: NetName=NetC31_2 Pin=D1-2
Added Pin To Net: NetName=NetC33_2 Pin=DC5V-1
Added Pin To Net: NetName=GND Pin=DC5V-2
Added Pin To Net: NetName=GND Pin=DC5V-3
Added Pin To Net: NetName=NetJ-232_3 Pin=P6-1
Added Pin To Net: NetName=P14 Pin=P6-2
Added Pin To Net: NetName=NetC32_1 Pin=P7-1
Added Pin To Net: NetName=P15 Pin=P7-2
Added Pin To Net: NetName=NetS1_1 Pin=P7-3
Added Pin To Net: NetName=NetC32_1 Pin=R21-1
Added Pin To Net: NetName=NetJ-232_3 Pin=R41-1
Added Pin To Net: NetName=VCC Pin=RW1-2
Added Pin To Net: NetName=P32 Pin=S1-1
Added Pin To Net: NetName=P32 Pin=S2-1
Added Pin To Net: NetName=NetS1_1 Pin=S2-2
Added Pin To Net: NetName=P32 Pin=S3-1
Added Pin To Net: NetName=P37 Pin=S3-2
Added Pin To Net: NetName=P32 Pin=S4-1
Added Pin To Net: NetName=P36 Pin=S4-2
Added Pin To Net: NetName=P33 Pin=S6-1
Added Pin To Net: NetName=NetS1_1 Pin=S6-2
Added Pin To Net: NetName=P33 Pin=S7-1
Added Pin To Net: NetName=P37 Pin=S7-2
Added Pin To Net: NetName=P33 Pin=S8-1
Added Pin To Net: NetName=P36 Pin=S8-2
Added Pin To Net: NetName=P34 Pin=S9-1
Added Pin To Net: NetName=P34 Pin=S10-1
Added Pin To Net: NetName=NetS1_1 Pin=S10-2
Added Pin To Net: NetName=P34 Pin=S11-1
Added Pin To Net: NetName=P37 Pin=S11-2
Added Pin To Net: NetName=P34 Pin=S12-1
Added Pin To Net: NetName=P36 Pin=S12-2
Added Pin To Net: NetName=P35 Pin=S13-1
Added Pin To Net: NetName=P35 Pin=S14-1
Added Pin To Net: NetName=NetS1_1 Pin=S14-2
Added Pin To Net: NetName=P35 Pin=S15-1
Added Pin To Net: NetName=P37 Pin=S15-2
Added Pin To Net: NetName=P35 Pin=S16-1
Added Pin To Net: NetName=P36 Pin=S16-2
Added Pin To Net: NetName=NetC31_2 Pin=S17-1
Added Pin To Net: NetName=GND Pin=U3-1
Added Pin To Net: NetName=P30R Pin=U3-2
Added Pin To Net: NetName=P31T Pin=U3-3
Added Pin To Net: NetName=NetC34_1 Pin=U3-5
Added Pin To Net: NetName=NetJ-232_2 Pin=U3-6
Added Pin To Net: NetName=NetC32_2 Pin=U3-7
Added Pin To Net: NetName=NetC33_1 Pin=U3-8
Added Pin To Net: NetName=NetC31_2 Pin=USB-1
Added Pin To Net: NetName=NetJ-232_2 Pin=USB-2
Added Pin To Net: NetName=NetC34_1 Pin=USB-3
Added Pin To Net: NetName=NetC32_2 Pin=Y1-1
Added Pin To Net: NetName=NetC33_1 Pin=Y1-2
Change Net Name : Old Net Name=NetC31_2 New Net Name=VSUB
Change Net Name : Old Net Name=NetC32_1 New Net Name=SPK
Change Net Name : Old Net Name=NetC32_2 New Net Name=NetC8_1
Change Net Name : Old Net Name=NetC33_1 New Net Name=NetC9_1
Change Net Name : Old Net Name=NetC33_2 New Net Name=NetD1_1
Change Net Name : Old Net Name=NetC34_1 New Net Name=NetU3_5
Change Net Name : Old Net Name=NetJ-232_2 New Net Name=NetU3_6
Change Net Name : Old Net Name=NetJ-232_3 New Net Name=JDQ
Change Net Name : Old Net Name=NetS1_1 New Net Name=F2
Added Pin To Net: NetName=3V3 Pin=C7-1
Added Pin To Net: NetName=3V3 Pin=U3-4
Added Net: Name=3V3
Added Pin To Net: NetName=F1 Pin=P6-3
Added Pin To Net: NetName=F1 Pin=S1-2
Added Pin To Net: NetName=F1 Pin=S5-2
Added Pin To Net: NetName=F1 Pin=S9-2
Added Pin To Net: NetName=F1 Pin=S13-2
Added Net: Name=F1
Added Member To Class: ClassName=51单片机24 Member=Component C7 104
Added Member To Class: ClassName=51单片机24 Member=Component C8 22P
Added Member To Class: ClassName=51单片机24 Member=Component C9 22p
Added Member To Class: ClassName=51单片机24 Member=Component D1 1N5918
Added Member To Class: ClassName=51单片机24 Member=Component DC5V POWER
Added Member To Class: ClassName=51单片机24 Member=Component P6 SW/JDQ
Added Member To Class: ClassName=51单片机24 Member=Component P7 SW/SPK
Added Member To Class: ClassName=51单片机24 Member=Component S7 SW-PB
Added Member To Class: ClassName=51单片机24 Member=Component S8 SW-PB
Added Member To Class: ClassName=51单片机24 Member=Component S9 SW-PB
Added Member To Class: ClassName=51单片机24 Member=Component S10 SW-PB
Added Member To Class: ClassName=51单片机24 Member=Component S11 SW-PB
Added Member To Class: ClassName=51单片机24 Member=Component S12 SW-PB
Added Member To Class: ClassName=51单片机24 Member=Component S13 SW-PB
Added Member To Class: ClassName=51单片机24 Member=Component S14 SW-PB
Added Member To Class: ClassName=51单片机24 Member=Component S15 SW-PB
Added Member To Class: ClassName=51单片机24 Member=Component S16 SW-PB
Added Member To Class: ClassName=51单片机24 Member=Component Y1 XTAL
Added Room: Name=51单片机24
